<?xml version="1.0" encoding="UTF-8"?>
<!-- Generated by org.testng.reporters.JUnitXMLReporter -->
<testsuite hostname="HP" name="Default test" tests="1" failures="0" timestamp="29 Feb 2020 14:21:57 GMT" time="0.125" errors="0">
  <testcase name="name on com.sellabs.SampleProject.SampleTest[time=1582986117471,areFieldsSet=true,areAllFieldsSet=true,lenient=true,zone=sun.util.calendar.ZoneInfo[id=&quot;Asia/Calcutta&quot;,offset=19800000,dstSavings=0,useDaylight=false,transitions=6,lastRule=null],firstDayOfWeek=1,minimalDaysInFirstWeek=1,ERA=1,YEAR=2020,MONTH=1,WEEK_OF_YEAR=9,WEEK_OF_MONTH=5,DAY_OF_MONTH=29,DAY_OF_YEAR=60,DAY_OF_WEEK=7,DAY_OF_WEEK_IN_MONTH=5,AM_PM=1,HOUR=7,HOUR_OF_DAY=19,MINUTE=51,SECOND=57,MILLISECOND=471,ZONE_OFFSET=19800000,DST_OFFSET=0]" time="0.048" classname="com.sellabs.SampleProject.SampleTest"/>
</testsuite> <!-- Default test -->
