<?xml version="1.0" encoding="UTF-8"?>
<testng-results skipped="0" failed="0" total="1" passed="1">
  <reporter-output>
  </reporter-output>
  <suite name="Suite" duration-ms="115" started-at="2020-02-29T05:54:56Z" finished-at="2020-02-29T05:54:56Z">
    <groups>
    </groups>
    <test name="Test" duration-ms="115" started-at="2020-02-29T05:54:56Z" finished-at="2020-02-29T05:54:56Z">
      <class name="com.sellabs.SampleProject.SampleTest">
        <test-method status="PASS" signature="name()[pri:0, instance:com.sellabs.SampleProject.SampleTest@edf4efb]" name="name" duration-ms="34" started-at="2020-02-29T11:24:56Z" finished-at="2020-02-29T11:24:56Z">
          <reporter-output>
          </reporter-output>
        </test-method> <!-- name -->
      </class> <!-- com.sellabs.SampleProject.SampleTest -->
    </test> <!-- Test -->
  </suite> <!-- Suite -->
</testng-results>
